<?xml version="1.0" encoding="UTF-8"?>
<testsuite xmlns:xsi="http://www.w3.org/2001/XMLSchema-instance" xsi:noNamespaceSchemaLocation="https://maven.apache.org/surefire/maven-surefire-plugin/xsd/surefire-test-report-3.0.xsd" version="3.0" name="TestSuite" time="6.126" tests="7" errors="0" skipped="0" failures="0">
  <properties>
    <property name="java.specification.version" value="21"/>
    <property name="sun.cpu.isalist" value="amd64"/>
    <property name="sun.jnu.encoding" value="Cp1252"/>
    <property name="java.class.path" value="D:\EclipseProjects\ems-apitest\target\test-classes;D:\EclipseProjects\ems-apitest\target\classes;C:\Users\Chaitanya Malshikare\.m2\repository\io\rest-assured\rest-assured\4.4.0\rest-assured-4.4.0.jar;C:\Users\Chaitanya Malshikare\.m2\repository\org\codehaus\groovy\groovy\3.0.8\groovy-3.0.8.jar;C:\Users\Chaitanya Malshikare\.m2\repository\org\codehaus\groovy\groovy-xml\3.0.8\groovy-xml-3.0.8.jar;C:\Users\Chaitanya Malshikare\.m2\repository\org\apache\httpcomponents\httpclient\4.5.13\httpclient-4.5.13.jar;C:\Users\Chaitanya Malshikare\.m2\repository\org\apache\httpcomponents\httpcore\4.4.13\httpcore-4.4.13.jar;C:\Users\Chaitanya Malshikare\.m2\repository\commons-logging\commons-logging\1.2\commons-logging-1.2.jar;C:\Users\Chaitanya Malshikare\.m2\repository\commons-codec\commons-codec\1.11\commons-codec-1.11.jar;C:\Users\Chaitanya Malshikare\.m2\repository\org\apache\httpcomponents\httpmime\4.5.13\httpmime-4.5.13.jar;C:\Users\Chaitanya Malshikare\.m2\repository\org\hamcrest\hamcrest\2.1\hamcrest-2.1.jar;C:\Users\Chaitanya Malshikare\.m2\repository\org\ccil\cowan\tagsoup\tagsoup\1.2.1\tagsoup-1.2.1.jar;C:\Users\Chaitanya Malshikare\.m2\repository\io\rest-assured\json-path\4.4.0\json-path-4.4.0.jar;C:\Users\Chaitanya Malshikare\.m2\repository\org\codehaus\groovy\groovy-json\3.0.8\groovy-json-3.0.8.jar;C:\Users\Chaitanya Malshikare\.m2\repository\io\rest-assured\rest-assured-common\4.4.0\rest-assured-common-4.4.0.jar;C:\Users\Chaitanya Malshikare\.m2\repository\io\rest-assured\xml-path\4.4.0\xml-path-4.4.0.jar;C:\Users\Chaitanya Malshikare\.m2\repository\org\apache\commons\commons-lang3\3.11\commons-lang3-3.11.jar;C:\Users\Chaitanya Malshikare\.m2\repository\jakarta\xml\bind\jakarta.xml.bind-api\2.3.3\jakarta.xml.bind-api-2.3.3.jar;C:\Users\Chaitanya Malshikare\.m2\repository\jakarta\activation\jakarta.activation-api\1.2.2\jakarta.activation-api-1.2.2.jar;C:\Users\Chaitanya Malshikare\.m2\repository\com\sun\xml\bind\jaxb-impl\2.3.3\jaxb-impl-2.3.3.jar;C:\Users\Chaitanya Malshikare\.m2\repository\org\testng\testng\7.4.0\testng-7.4.0.jar;C:\Users\Chaitanya Malshikare\.m2\repository\com\beust\jcommander\1.78\jcommander-1.78.jar;C:\Users\Chaitanya Malshikare\.m2\repository\org\webjars\jquery\3.5.1\jquery-3.5.1.jar;C:\Users\Chaitanya Malshikare\.m2\repository\com\aventstack\extentreports\5.1.2\extentreports-5.1.2.jar;C:\Users\Chaitanya Malshikare\.m2\repository\io\reactivex\rxjava3\rxjava\3.1.6\rxjava-3.1.6.jar;C:\Users\Chaitanya Malshikare\.m2\repository\org\reactivestreams\reactive-streams\1.0.4\reactive-streams-1.0.4.jar;C:\Users\Chaitanya Malshikare\.m2\repository\org\freemarker\freemarker\2.3.32\freemarker-2.3.32.jar;C:\Users\Chaitanya Malshikare\.m2\repository\org\projectlombok\lombok\1.18.26\lombok-1.18.26.jar;C:\Users\Chaitanya Malshikare\.m2\repository\com\google\code\gson\gson\2.10.1\gson-2.10.1.jar;C:\Users\Chaitanya Malshikare\.m2\repository\com\fasterxml\jackson\core\jackson-databind\2.12.3\jackson-databind-2.12.3.jar;C:\Users\Chaitanya Malshikare\.m2\repository\com\fasterxml\jackson\core\jackson-annotations\2.12.3\jackson-annotations-2.12.3.jar;C:\Users\Chaitanya Malshikare\.m2\repository\com\fasterxml\jackson\core\jackson-core\2.12.3\jackson-core-2.12.3.jar;C:\Users\Chaitanya Malshikare\.m2\repository\junit\junit\4.13.2\junit-4.13.2.jar;C:\Users\Chaitanya Malshikare\.m2\repository\org\hamcrest\hamcrest-core\1.3\hamcrest-core-1.3.jar;C:\Users\Chaitanya Malshikare\.m2\repository\org\apache\logging\log4j\log4j-core\2.23.1\log4j-core-2.23.1.jar;C:\Users\Chaitanya Malshikare\.m2\repository\org\apache\logging\log4j\log4j-api\2.23.1\log4j-api-2.23.1.jar;"/>
    <property name="java.vm.vendor" value="Oracle Corporation"/>
    <property name="sun.arch.data.model" value="64"/>
    <property name="user.variant" value=""/>
    <property name="java.vendor.url" value="https://java.oracle.com/"/>
    <property name="user.timezone" value="Asia/Calcutta"/>
    <property name="os.name" value="Windows 11"/>
    <property name="java.vm.specification.version" value="21"/>
    <property name="sun.java.launcher" value="SUN_STANDARD"/>
    <property name="user.country" value="IN"/>
    <property name="sun.boot.library.path" value="C:\Program Files\Java\jdk-21\bin"/>
    <property name="sun.java.command" value="C:\Users\Chaitanya Malshikare\AppData\Local\Temp\surefire10523720919910171265\surefirebooter-20250816115316402_3.jar C:\Users\Chaitanya Malshikare\AppData\Local\Temp\surefire10523720919910171265 2025-08-16T11-53-16_280-jvmRun1 surefire-20250816115316402_1tmp surefire_0-20250816115316402_2tmp"/>
    <property name="jdk.debug" value="release"/>
    <property name="surefire.test.class.path" value="D:\EclipseProjects\ems-apitest\target\test-classes;D:\EclipseProjects\ems-apitest\target\classes;C:\Users\Chaitanya Malshikare\.m2\repository\io\rest-assured\rest-assured\4.4.0\rest-assured-4.4.0.jar;C:\Users\Chaitanya Malshikare\.m2\repository\org\codehaus\groovy\groovy\3.0.8\groovy-3.0.8.jar;C:\Users\Chaitanya Malshikare\.m2\repository\org\codehaus\groovy\groovy-xml\3.0.8\groovy-xml-3.0.8.jar;C:\Users\Chaitanya Malshikare\.m2\repository\org\apache\httpcomponents\httpclient\4.5.13\httpclient-4.5.13.jar;C:\Users\Chaitanya Malshikare\.m2\repository\org\apache\httpcomponents\httpcore\4.4.13\httpcore-4.4.13.jar;C:\Users\Chaitanya Malshikare\.m2\repository\commons-logging\commons-logging\1.2\commons-logging-1.2.jar;C:\Users\Chaitanya Malshikare\.m2\repository\commons-codec\commons-codec\1.11\commons-codec-1.11.jar;C:\Users\Chaitanya Malshikare\.m2\repository\org\apache\httpcomponents\httpmime\4.5.13\httpmime-4.5.13.jar;C:\Users\Chaitanya Malshikare\.m2\repository\org\hamcrest\hamcrest\2.1\hamcrest-2.1.jar;C:\Users\Chaitanya Malshikare\.m2\repository\org\ccil\cowan\tagsoup\tagsoup\1.2.1\tagsoup-1.2.1.jar;C:\Users\Chaitanya Malshikare\.m2\repository\io\rest-assured\json-path\4.4.0\json-path-4.4.0.jar;C:\Users\Chaitanya Malshikare\.m2\repository\org\codehaus\groovy\groovy-json\3.0.8\groovy-json-3.0.8.jar;C:\Users\Chaitanya Malshikare\.m2\repository\io\rest-assured\rest-assured-common\4.4.0\rest-assured-common-4.4.0.jar;C:\Users\Chaitanya Malshikare\.m2\repository\io\rest-assured\xml-path\4.4.0\xml-path-4.4.0.jar;C:\Users\Chaitanya Malshikare\.m2\repository\org\apache\commons\commons-lang3\3.11\commons-lang3-3.11.jar;C:\Users\Chaitanya Malshikare\.m2\repository\jakarta\xml\bind\jakarta.xml.bind-api\2.3.3\jakarta.xml.bind-api-2.3.3.jar;C:\Users\Chaitanya Malshikare\.m2\repository\jakarta\activation\jakarta.activation-api\1.2.2\jakarta.activation-api-1.2.2.jar;C:\Users\Chaitanya Malshikare\.m2\repository\com\sun\xml\bind\jaxb-impl\2.3.3\jaxb-impl-2.3.3.jar;C:\Users\Chaitanya Malshikare\.m2\repository\org\testng\testng\7.4.0\testng-7.4.0.jar;C:\Users\Chaitanya Malshikare\.m2\repository\com\beust\jcommander\1.78\jcommander-1.78.jar;C:\Users\Chaitanya Malshikare\.m2\repository\org\webjars\jquery\3.5.1\jquery-3.5.1.jar;C:\Users\Chaitanya Malshikare\.m2\repository\com\aventstack\extentreports\5.1.2\extentreports-5.1.2.jar;C:\Users\Chaitanya Malshikare\.m2\repository\io\reactivex\rxjava3\rxjava\3.1.6\rxjava-3.1.6.jar;C:\Users\Chaitanya Malshikare\.m2\repository\org\reactivestreams\reactive-streams\1.0.4\reactive-streams-1.0.4.jar;C:\Users\Chaitanya Malshikare\.m2\repository\org\freemarker\freemarker\2.3.32\freemarker-2.3.32.jar;C:\Users\Chaitanya Malshikare\.m2\repository\org\projectlombok\lombok\1.18.26\lombok-1.18.26.jar;C:\Users\Chaitanya Malshikare\.m2\repository\com\google\code\gson\gson\2.10.1\gson-2.10.1.jar;C:\Users\Chaitanya Malshikare\.m2\repository\com\fasterxml\jackson\core\jackson-databind\2.12.3\jackson-databind-2.12.3.jar;C:\Users\Chaitanya Malshikare\.m2\repository\com\fasterxml\jackson\core\jackson-annotations\2.12.3\jackson-annotations-2.12.3.jar;C:\Users\Chaitanya Malshikare\.m2\repository\com\fasterxml\jackson\core\jackson-core\2.12.3\jackson-core-2.12.3.jar;C:\Users\Chaitanya Malshikare\.m2\repository\junit\junit\4.13.2\junit-4.13.2.jar;C:\Users\Chaitanya Malshikare\.m2\repository\org\hamcrest\hamcrest-core\1.3\hamcrest-core-1.3.jar;C:\Users\Chaitanya Malshikare\.m2\repository\org\apache\logging\log4j\log4j-core\2.23.1\log4j-core-2.23.1.jar;C:\Users\Chaitanya Malshikare\.m2\repository\org\apache\logging\log4j\log4j-api\2.23.1\log4j-api-2.23.1.jar;"/>
    <property name="sun.cpu.endian" value="little"/>
    <property name="user.home" value="C:\Users\Chaitanya Malshikare"/>
    <property name="user.language" value="en"/>
    <property name="java.specification.vendor" value="Oracle Corporation"/>
    <property name="java.version.date" value="2023-09-19"/>
    <property name="java.home" value="C:\Program Files\Java\jdk-21"/>
    <property name="file.separator" value="\"/>
    <property name="basedir" value="D:\EclipseProjects\ems-apitest"/>
    <property name="java.vm.compressedOopsMode" value="32-bit"/>
    <property name="line.separator" value="&#10;"/>
    <property name="java.vm.specification.vendor" value="Oracle Corporation"/>
    <property name="java.specification.name" value="Java Platform API Specification"/>
    <property name="surefire.real.class.path" value="C:\Users\Chaitanya Malshikare\AppData\Local\Temp\surefire10523720919910171265\surefirebooter-20250816115316402_3.jar"/>
    <property name="user.script" value=""/>
    <property name="sun.management.compiler" value="HotSpot 64-Bit Tiered Compilers"/>
    <property name="java.runtime.version" value="21+35-LTS-2513"/>
    <property name="user.name" value="Chaitanya"/>
    <property name="stdout.encoding" value="Cp1252"/>
    <property name="path.separator" value=";"/>
    <property name="os.version" value="10.0"/>
    <property name="java.runtime.name" value="Java(TM) SE Runtime Environment"/>
    <property name="file.encoding" value="UTF-8"/>
    <property name="java.vm.name" value="Java HotSpot(TM) 64-Bit Server VM"/>
    <property name="localRepository" value="C:\Users\Chaitanya Malshikare\.m2\repository"/>
    <property name="java.vendor.url.bug" value="https://bugreport.java.com/bugreport/"/>
    <property name="java.io.tmpdir" value="C:\Users\CHAITA~1\AppData\Local\Temp\"/>
    <property name="java.version" value="21"/>
    <property name="user.dir" value="D:\EclipseProjects\ems-apitest"/>
    <property name="os.arch" value="amd64"/>
    <property name="java.vm.specification.name" value="Java Virtual Machine Specification"/>
    <property name="sun.os.patch.level" value=""/>
    <property name="native.encoding" value="Cp1252"/>
    <property name="java.library.path" value="C:\Program Files\Java\jdk-21\bin;C:\WINDOWS\Sun\Java\bin;C:\WINDOWS\system32;C:\WINDOWS;C:\Program Files\Common Files\Oracle\Java\javapath;C:\WINDOWS\system32;C:\WINDOWS;C:\WINDOWS\System32\Wbem;C:\WINDOWS\System32\WindowsPowerShell\v1.0\;C:\Program Files\Git\cmd;C:\ProgramData\chocolatey\bin;C:\Program Files\nodejs\;C:\Program Files\Docker\Docker\resources\bin;C:\Users\Chaitanya Malshikare\AppData\Local\Programs\Python\Python311\Scripts\;C:\Users\Chaitanya Malshikare\AppData\Local\Programs\Python\Python311\;C:\Users\Chaitanya Malshikare\AppData\Local\Programs\Python\Python312\Scripts\;C:\Users\Chaitanya Malshikare\AppData\Local\Programs\Python\Python312\;C:\Users\Chaitanya Malshikare\AppData\Local\Programs\Python\Launcher\;C:\Users\Chaitanya Malshikare\AppData\Local\Microsoft\WindowsApps;C:\Program Files\JetBrains\IntelliJ IDEA Community Edition 2023.1.3\bin;;C:\MinGW\bin;C:\Program Files\Java\jdk-21\bin;D:\mongodb-win32-i386-2.6.3\bin;C:\Program Files\JetBrains\PyCharm Community Edition 2024.1.4\bin;;C:\Program Files\JetBrains\PyCharm 2024.2.0.1\bin;;C:\Program Files\JetBrains\DataSpell 2024.2\bin;;C:\Users\Chaitanya Malshikare\AppData\Local\Programs\Microsoft VS Code\bin;C:\Users\Chaitanya Malshikare\AppData\Roaming\npm;C:\Users\Chaitanya Malshikare\AppData\Local\Programs\cursor\resources\app\bin;C:\Program Files\Apache\apache-maven-3.9.11\bin;;."/>
    <property name="java.vm.info" value="mixed mode, sharing"/>
    <property name="stderr.encoding" value="Cp1252"/>
    <property name="java.vendor" value="Oracle Corporation"/>
    <property name="java.vm.version" value="21+35-LTS-2513"/>
    <property name="sun.io.unicode.encoding" value="UnicodeLittle"/>
    <property name="java.class.version" value="65.0"/>
  </properties>
  <testcase name="login" classname="apitest.APITest" time="2.13">
    <system-out><![CDATA[[11:53:19] [INFO] utlities.RestassuredUtlities - initialized
Started
HTTP/1.1 200 
Content-Type: application/json
Content-Length: 38
Date: Sat, 16 Aug 2025 06:23:24 GMT
Keep-Alive: timeout=60
Connection: keep-alive

{
    "auth_code": "DadyPSbS-Sn5DYlGgqh9LA"
}
[11:53:21] [INFO] utlities.RestassuredUtlities - == called login req
]]></system-out>
  </testcase>
  <testcase name="getAccessToken" classname="apitest.APITest" time="0.152">
    <system-out><![CDATA[HTTP/1.1 200 
Content-Type: application/json
Content-Length: 62
Date: Sat, 16 Aug 2025 06:23:24 GMT
Keep-Alive: timeout=60
Connection: keep-alive

{
    "access_token": "C-d5-RzeM4M-cwEqBE06dZQX9RmzAuCavejEHAmLlsE"
}
[11:53:21] [INFO] utlities.RestassuredUtlities - == called accessTokenRequest
]]></system-out>
  </testcase>
  <testcase name="viewBookingList" classname="apitest.APITest" time="0.346">
    <system-out><![CDATA[HTTP/1.1 200 
Content-Type: application/xml
Content-Length: 722
Date: Sat, 16 Aug 2025 06:23:24 GMT
Keep-Alive: timeout=60
Connection: keep-alive

<bookings>
  <booking>
    <arrivalCity>Coimbatore</arrivalCity>
    <bookingDate>23/11/2021</bookingDate>
    <bookingId>1001</bookingId>
    <departCity>Chennai</departCity>
    <passengerCount>1</passengerCount>
    <passengerName>Rakesh</passengerName>
    <ticketType>GENERAL</ticketType>
    <trainClass>SLEEPER</trainClass>
    <trainName>Chennai Express</trainName>
  </booking>
  <booking>
    <arrivalCity>Madurai</arrivalCity>
    <bookingDate>24/12/2021</bookingDate>
    <bookingId>3101</bookingId>
    <departCity>Chennai</departCity>
    <passengerCount>1</passengerCount>
    <passengerName>Priya</passengerName>
    <ticketType>GENERAL</ticketType>
    <trainClass>THIRDAC</trainClass>
    <trainName>Madurai Express</trainName>
  </booking>
</bookings>
[11:53:21] [INFO] utlities.RestassuredUtlities - == called viewBookingListRequest
]]></system-out>
  </testcase>
  <testcase name="viewBokingById" classname="apitest.APITest" time="0.138">
    <system-out><![CDATA[HTTP/1.1 200 
Content-Type: application/xml
Content-Length: 380
Date: Sat, 16 Aug 2025 06:23:25 GMT
Keep-Alive: timeout=60
Connection: keep-alive

<booking>
  <arrivalCity>Coimbatore</arrivalCity>
  <bookingDate>23/11/2021</bookingDate>
  <bookingId>1001</bookingId>
  <departCity>Chennai</departCity>
  <passengerCount>1</passengerCount>
  <passengerName>Rakesh</passengerName>
  <ticketType>GENERAL</ticketType>
  <trainClass>SLEEPER</trainClass>
  <trainName>Chennai Express</trainName>
</booking>
[11:53:22] [INFO] utlities.RestassuredUtlities - == called viewBookingByIdRequest
]]></system-out>
  </testcase>
  <testcase name="viewBokingByTrainClass" classname="apitest.APITest" time="0.155">
    <system-out><![CDATA[HTTP/1.1 200 
Content-Type: application/xml
Content-Length: 380
Date: Sat, 16 Aug 2025 06:23:25 GMT
Keep-Alive: timeout=60
Connection: keep-alive

<booking>
  <arrivalCity>Coimbatore</arrivalCity>
  <bookingDate>23/11/2021</bookingDate>
  <bookingId>1001</bookingId>
  <departCity>Chennai</departCity>
  <passengerCount>1</passengerCount>
  <passengerName>Rakesh</passengerName>
  <ticketType>GENERAL</ticketType>
  <trainClass>SLEEPER</trainClass>
  <trainName>Chennai Express</trainName>
</booking>
[11:53:22] [INFO] utlities.RestassuredUtlities - == called viewBookingByTrainClassRequest
]]></system-out>
  </testcase>
  <testcase name="addBooking" classname="apitest.APITest" time="0.172">
    <system-out><![CDATA[HTTP/1.1 200 
Content-Type: application/xml
Content-Length: 1041
Date: Sat, 16 Aug 2025 06:23:25 GMT
Keep-Alive: timeout=60
Connection: keep-alive

<bookings>
  <booking>
    <arrivalCity>Coimbatore</arrivalCity>
    <bookingDate>23/11/2021</bookingDate>
    <bookingId>1001</bookingId>
    <departCity>Chennai</departCity>
    <passengerCount>1</passengerCount>
    <passengerName>Rakesh</passengerName>
    <ticketType>GENERAL</ticketType>
    <trainClass>SLEEPER</trainClass>
    <trainName>Chennai Express</trainName>
  </booking>
  <booking>
    <arrivalCity>Madurai</arrivalCity>
    <bookingDate>24/12/2021</bookingDate>
    <bookingId>3101</bookingId>
    <departCity>Chennai</departCity>
    <passengerCount>1</passengerCount>
    <passengerName>Priya</passengerName>
    <ticketType>GENERAL</ticketType>
    <trainClass>THIRDAC</trainClass>
    <trainName>Madurai Express</trainName>
  </booking>
  <booking>
    <arrivalCity>Chennai</arrivalCity>
    <bookingDate>01/01/2022</bookingDate>
    <bookingId>15</bookingId>
    <departCity>Pune</departCity>
    <passengerCount>3</passengerCount>
    <passengerName>Chaitanya</passengerName>
    <ticketType>GENERAL</ticketType>
    <trainClass>ThirdAC</trainClass>
    <trainName>ChennaiExpress</trainName>
  </booking>
</bookings>
[11:53:22] [INFO] utlities.RestassuredUtlities - == called addBookingRequest
]]></system-out>
  </testcase>
  <testcase name="deleteBookingByid" classname="apitest.APITest" time="0.143">
    <system-out><![CDATA[HTTP/1.1 200 
Content-Type: application/xml
Content-Length: 397
Date: Sat, 16 Aug 2025 06:23:25 GMT
Keep-Alive: timeout=60
Connection: keep-alive

<bookings>
  <booking>
    <arrivalCity>Madurai</arrivalCity>
    <bookingDate>24/12/2021</bookingDate>
    <bookingId>3101</bookingId>
    <departCity>Chennai</departCity>
    <passengerCount>1</passengerCount>
    <passengerName>Priya</passengerName>
    <ticketType>GENERAL</ticketType>
    <trainClass>THIRDAC</trainClass>
    <trainName>Madurai Express</trainName>
  </booking>
</bookings>
[11:53:22] [INFO] utlities.RestassuredUtlities - == called deleteBookingByidRequest
]]></system-out>
  </testcase>
</testsuite>