<?xml version="1.0" encoding="UTF-8"?>
<!-- Generated by org.testng.reporters.JUnitReportReporter -->
<testsuite hostname="HP-15s" failures="0" tests="7" name="apitest.APITest" time="2.567" errors="0" timestamp="2025-08-13T12:41:31 IST" skipped="0">
  <testcase classname="apitest.APITest" name="viewBokingByTrainClass" time="0.143"/>
  <testcase classname="apitest.APITest" name="viewBokingById" time="0.124"/>
  <testcase classname="apitest.APITest" name="login" time="1.553"/>
  <testcase classname="apitest.APITest" name="getAccessToken" time="0.153"/>
  <testcase classname="apitest.APITest" name="viewBookingList" time="0.309"/>
  <testcase classname="apitest.APITest" name="addBooking" time="0.155"/>
  <testcase classname="apitest.APITest" name="deleteBookingByid" time="0.130"/>
</testsuite> <!-- apitest.APITest -->
