<?xml version="1.0" encoding="UTF-8"?>
<!-- Generated by org.testng.reporters.JUnitReportReporter -->
<testsuite hostname="HP-15s" failures="0" tests="7" name="apitest.APITest" time="4.125" errors="0" timestamp="2025-08-12T14:55:19 IST" skipped="0">
  <testcase classname="apitest.APITest" name="viewBokingById" time="0.239"/>
  <testcase classname="apitest.APITest" name="viewBokingByTrainClass" time="0.313"/>
  <testcase classname="apitest.APITest" name="login" time="2.283"/>
  <testcase classname="apitest.APITest" name="getAccessToken" time="0.384"/>
  <testcase classname="apitest.APITest" name="viewBookingList" time="0.471"/>
  <testcase classname="apitest.APITest" name="addBooking" time="0.246"/>
  <testcase classname="apitest.APITest" name="deleteBookingByid" time="0.189"/>
</testsuite> <!-- apitest.APITest -->
