<?xml version="1.0" encoding="UTF-8"?>
<!-- Generated by org.testng.reporters.JUnitReportReporter -->
<testsuite hostname="HP-15s" failures="0" tests="7" name="apitest.APITest" time="5.975" errors="0" timestamp="2025-08-14T15:34:00 IST" skipped="0">
  <testcase classname="apitest.APITest" name="viewBokingById" time="0.211"/>
  <testcase classname="apitest.APITest" name="viewBokingByTrainClass" time="0.260"/>
  <testcase classname="apitest.APITest" name="login" time="4.246"/>
  <testcase classname="apitest.APITest" name="getAccessToken" time="0.233"/>
  <testcase classname="apitest.APITest" name="viewBookingList" time="0.585"/>
  <testcase classname="apitest.APITest" name="addBooking" time="0.251"/>
  <testcase classname="apitest.APITest" name="deleteBookingByid" time="0.189"/>
</testsuite> <!-- apitest.APITest -->
