<?xml version="1.0" encoding="UTF-8"?>
<!-- Generated by org.testng.reporters.JUnitReportReporter -->
<testsuite hostname="HP-15s" failures="0" tests="7" name="apitest.APITest" time="2.877" errors="0" timestamp="2025-08-13T12:49:32 IST" skipped="0">
  <testcase classname="apitest.APITest" name="viewBokingById" time="0.125"/>
  <system-out/>
  <testcase classname="apitest.APITest" name="viewBokingByTrainClass" time="0.157"/>
  <system-out/>
  <testcase classname="apitest.APITest" name="login" time="1.858"/>
  <system-out/>
  <testcase classname="apitest.APITest" name="getAccessToken" time="0.153"/>
  <system-out/>
  <testcase classname="apitest.APITest" name="viewBookingList" time="0.289"/>
  <system-out/>
  <testcase classname="apitest.APITest" name="addBooking" time="0.150"/>
  <system-out/>
  <testcase classname="apitest.APITest" name="deleteBookingByid" time="0.145"/>
  <system-out/>
</testsuite> <!-- apitest.APITest -->
