<?xml version="1.0" encoding="UTF-8"?>
<!-- Generated by org.testng.reporters.JUnitReportReporter -->
<testsuite hostname="HP-15s" failures="0" tests="7" name="apitest.APITest" time="3.241" errors="0" timestamp="2025-08-16T11:53:22 IST" skipped="0">
  <testcase classname="apitest.APITest" name="viewBokingById" time="0.138"/>
  <system-out/>
  <testcase classname="apitest.APITest" name="viewBokingByTrainClass" time="0.155"/>
  <system-out/>
  <testcase classname="apitest.APITest" name="login" time="2.136"/>
  <system-out/>
  <testcase classname="apitest.APITest" name="getAccessToken" time="0.152"/>
  <system-out/>
  <testcase classname="apitest.APITest" name="viewBookingList" time="0.346"/>
  <system-out/>
  <testcase classname="apitest.APITest" name="addBooking" time="0.170"/>
  <system-out/>
  <testcase classname="apitest.APITest" name="deleteBookingByid" time="0.144"/>
  <system-out/>
</testsuite> <!-- apitest.APITest -->
