<?xml version="1.0" encoding="UTF-8"?>
<!-- Generated by org.testng.reporters.JUnitReportReporter -->
<testsuite hostname="HP-15s" failures="0" tests="7" name="apitest.APITest" time="2.506" errors="0" timestamp="2025-08-13T12:43:40 IST" skipped="0">
  <testcase classname="apitest.APITest" name="viewBokingById" time="0.142"/>
  <system-out/>
  <testcase classname="apitest.APITest" name="viewBokingByTrainClass" time="0.138"/>
  <system-out/>
  <testcase classname="apitest.APITest" name="login" time="1.519"/>
  <system-out/>
  <testcase classname="apitest.APITest" name="getAccessToken" time="0.126"/>
  <system-out/>
  <testcase classname="apitest.APITest" name="viewBookingList" time="0.280"/>
  <system-out/>
  <testcase classname="apitest.APITest" name="addBooking" time="0.149"/>
  <system-out/>
  <testcase classname="apitest.APITest" name="deleteBookingByid" time="0.152"/>
  <system-out/>
</testsuite> <!-- apitest.APITest -->
